<?xml version="1.0" encoding="UTF-8"?>
<!-- Generated by org.testng.reporters.JUnitReportReporter -->
<testsuite hostname="DESKTOP-BPVLSHK" failures="0" tests="4" name="api.test.UserTests" time="5.314" errors="0" timestamp="2023-10-21T17:55:26 EDT" skipped="0">
  <testcase classname="api.test.UserTests" name="testPostUser" time="4.121"/>
  <system-out/>
  <testcase classname="api.test.UserTests" name="testGetUserbyName" time="0.337"/>
  <system-out/>
  <testcase classname="api.test.UserTests" name="testUpdateUserbyName" time="0.583"/>
  <system-out/>
  <testcase classname="api.test.UserTests" name="testDeleteUserByName" time="0.273"/>
  <system-out/>
</testsuite> <!-- api.test.UserTests -->
